Using preliminary job name: circle_r30_d300_s10000_periodic_216x108_devel_1n_16t_1c__rank0_gather_none
Module OpenSSL/1.1 is not loaded. Purging and loading required modules.
Purging and loading required modules for SmartSim...
Loading required modules...
[INFO] Module OpenSSL/1.1 loaded.
[WARN] This node does not have a GPU installed. CUDA will not work.
[WARN] Please refer to https://help.itc.rwth-aachen.de for information on which
nodes feature GPUs. 
[INFO] Module CUDA/12.4.0 loaded.
[INFO] Module GCCcore/11.3.0 loaded.
[INFO] Module Clang/15.0.5 loaded.
[INFO] Module GCC/11.3.0 loaded.
[INFO] Module OpenMPI/4.1.4 loaded.
[INFO] Module FFTW.MPI/3.3.10 loaded.
[INFO] Module HDF5/1.12.2 loaded.
[INFO] Module PnetCDF/1.12.3 loaded.
[INFO] Module cuDNN/8.9.7.29-CUDA-12.4.0 loaded.
[INFO] Module imkl/2024.2.0 loaded.

=== Installing SmartSim for device: cpu ===
Including backend: torch
Including backend: onnxruntime
Including backend: tensorflow
SmartSim build command: smart build --device cpu
Install location: ./python/smartsim_cpu/
Base directory for SmartSim installation: /hpcwork/ro092286/smartsim/
Python virtual environment already exists at ./python/smartsim_cpu/
/hpcwork/ro092286/smartsim/install.sh:68: VIRTUAL_ENV: parameter not set
Module CUDA/12.3.0 is not loaded. Purging and loading required modules.
Purging and loading required modules for SmartSim (CUDA11 + MPI + HDF5)...
Loading required modules...
[INFO] Module OpenSSL/1.1 loaded.
[WARN] This node does not have a GPU installed. CUDA will not work.
[WARN] Please refer to https://help.itc.rwth-aachen.de for information on which
nodes feature GPUs. 
[INFO] Module CUDA/12.3.0 loaded.
[INFO] Module GCCcore/11.3.0 loaded.
[INFO] Module Clang/15.0.5 loaded.
[INFO] Module GCC/11.3.0 loaded.
[INFO] Module OpenMPI/4.1.4 loaded.
[INFO] Module FFTW.MPI/3.3.10 loaded.
[INFO] Module HDF5/1.12.2 loaded.
[INFO] Module PnetCDF/1.12.3 loaded.
[INFO] Module cuDNN/8.9.7.29-CUDA-12.3.0 loaded.
[INFO] Module imkl/2025.1.0 loaded.
OpenSSL/1.1
CUDA/12.3.0
GCCcore/11.3.0
zlib/1.2.12
binutils/2.38
numactl/2.0.14
XZ/5.2.5
libxml2/2.9.13
libpciaccess/0.16
hwloc/2.7.1
ncurses/6.3
GMP/6.2.1
Z3/4.10.2
Clang/15.0.5
GCC/11.3.0
libevent/2.1.12
UCX/1.12.1
PMIx/4.1.2
UCC/1.0.0
OpenMPI/4.1.4
FFTW/3.3.10
FFTW.MPI/3.3.10
Szip/2.1.1
HDF5/1.12.2
PnetCDF/1.12.3
cuDNN/8.9.7.29-CUDA-12.3.0
imkl/2025.1.0
Warning: /hpcwork/thes2181/mini_app is not empty.
Warning: /hpcwork/thes2181/mini_app/circle_r30_d300_s10000_periodic_216x108_devel_1n_16t_1c__rank0_gather_none is not empty.
No existing trajectory found. Starting fresh...
Prepared dataset: terrain=(108, 216) water_nonzero=2821 output=/hpcwork/thes2181/mini_app/circle_r30_d300_s10000_periodic_216x108_devel_1n_16t_1c__rank0_gather_none/world_init.h5
Preparation time: 9 seconds
Compiling solver...
-- The CXX compiler identification is Clang 15.0.5
-- Detecting CXX compiler ABI info
-- Detecting CXX compiler ABI info - done
-- Check for working CXX compiler: /cvmfs/software.hpc.rwth.de/Linux/RH9/x86_64/intel/sapphirerapids/software/Clang/15.0.5-GCCcore-11.3.0/bin/clang++ - skipped
-- Detecting CXX compile features
-- Detecting CXX compile features - done
-- Found MPI_CXX: /cvmfs/software.hpc.rwth.de/Linux/RH9/x86_64/intel/sapphirerapids/software/OpenMPI/4.1.4-GCC-11.3.0/lib/libmpi.so (found version "3.1") 
-- Found MPI: TRUE (found version "3.1") found components: CXX 
-- Found HDF5: /cvmfs/software.hpc.rwth.de/Linux/RH9/x86_64/intel/sapphirerapids/software/HDF5/1.12.2-gompi-2022a/lib/libhdf5.so;/usr/lib64/libpthread.a;/cvmfs/software.hpc.rwth.de/Linux/RH9/x86_64/intel/sapphirerapids/software/Szip/2.1.1-GCCcore-11.3.0/lib/libsz.so;/cvmfs/software.hpc.rwth.de/Linux/RH9/x86_64/intel/sapphirerapids/software/zlib/1.2.12-GCCcore-11.3.0/lib/libz.so;/usr/lib64/libdl.a;/usr/lib64/libm.so;/usr/lib64/libm.so;/usr/lib64/libpthread.a (found version "1.12.2") found components: C 
-- HDF5 parallel support: YES
-- Configuring done (1.9s)
-- Generating done (0.0s)
-- Build files have been written to: /hpcwork/ro092286/smartsim/mini_app/solver_cpp/build
[ 50%] Building CXX object CMakeFiles/terrain_solver.dir/terrain_solver.cpp.o
[100%] Linking CXX executable terrain_solver
[100%] Built target terrain_solver
Compilation time: 5 seconds
SSDB not set. Disabling Smartsim
SSDB not set. Disabling Smartsim
SSDB not set. Disabling Smartsim
SSDB not set. Disabling Smartsim
SSDB not set. Disabling Smartsim
SSDB not set. Disabling Smartsim
SSDB not set. Disabling Smartsim
SSDB not set. Disabling Smartsim
SSDB not set. Disabling Smartsim
SSDB not set. Disabling Smartsim
SSDB not set. Disabling Smartsim
SSDB not set. Disabling Smartsim
SSDB not set. Disabling Smartsim
SSDB not set. Disabling Smartsim
SSDB not set. Disabling Smartsim
SSDB not set. Disabling Smartsim
ERROR: Rank grid Z is larger than chunk grid Z; would create empty ranks. Got dims[0]=4 and d.chunks_z=3. In total we have ranks: 4x4 which doesnt fit 3x6
ERROR: Rank grid Z is larger than chunk grid Z; would create empty ranks. Got dims[0]=4 and d.chunks_z=3. In total we have ranks: 4x4 which doesnt fit 3x6
ERROR: Rank grid Z is larger than chunk grid Z; would create empty ranks. Got dims[0]=4 and d.chunks_z=3. In total we have ranks: 4x4 which doesnt fit 3x6
ERROR: Rank grid Z is larger than chunk grid Z; would create empty ranks. Got dims[0]=4 and d.chunks_z=3. In total we have ranks: 4x4 which doesnt fit 3x6
ERROR: Rank grid Z is larger than chunk grid Z; would create empty ranks. Got dims[0]=4 and d.chunks_z=3. In total we have ranks: 4x4 which doesnt fit 3x6
ERROR: Rank grid Z is larger than chunk grid Z; would create empty ranks. Got dims[0]=4 and d.chunks_z=3. In total we have ranks: 4x4 which doesnt fit 3x6
ERROR: Rank grid Z is larger than chunk grid Z; would create empty ranks. Got dims[0]=4 and d.chunks_z=3. In total we have ranks: 4x4 which doesnt fit 3x6
ERROR: Rank grid Z is larger than chunk grid Z; would create empty ranks. Got dims[0]=4 and d.chunks_z=3. In total we have ranks: 4x4 which doesnt fit 3x6
ERROR: Rank grid Z is larger than chunk grid Z; would create empty ranks. Got dims[0]=4 and d.chunks_z=3. In total we have ranks: 4x4 which doesnt fit 3x6
ERROR: Rank grid Z is larger than chunk grid Z; would create empty ranks. Got dims[0]=4 and d.chunks_z=3. In total we have ranks: 4x4 which doesnt fit 3x6
ERROR: Rank grid Z is larger than chunk grid Z; would create empty ranks. Got dims[0]=4 and d.chunks_z=3. In total we have ranks: 4x4 which doesnt fit 3x6
ERROR: Rank grid Z is larger than chunk grid Z; would create empty ranks. Got dims[0]=4 and d.chunks_z=3. In total we have ranks: 4x4 which doesnt fit 3x6
ERROR: Rank grid Z is larger than chunk grid Z; would create empty ranks. Got dims[0]=4 and d.chunks_z=3. In total we have ranks: 4x4 which doesnt fit 3x6
ERROR: Rank grid Z is larger than chunk grid Z; would create empty ranks. Got dims[0]=4 and d.chunks_z=3. In total we have ranks: 4x4 which doesnt fit 3x6
ERROR: Rank grid Z is larger than chunk grid Z; would create empty ranks. Got dims[0]=4 and d.chunks_z=3. In total we have ranks: 4x4 which doesnt fit 3x6
ERROR: Rank grid Z is larger than chunk grid Z; would create empty ranks. Got dims[0]=4 and d.chunks_z=3. In total we have ranks: 4x4 which doesnt fit 3x6
--------------------------------------------------------------------------
MPI_ABORT was invoked on rank 0 in communicator MPI_COMM_WORLD
with errorcode 1.

NOTE: invoking MPI_ABORT causes Open MPI to kill all MPI processes.
You may or may not see output from other processes, depending on
exactly when Open MPI kills them.
--------------------------------------------------------------------------
--------------------------------------------------------------------------
MPI_ABORT was invoked on rank 1 in communicator MPI_COMM_WORLD
with errorcode 1.

NOTE: invoking MPI_ABORT causes Open MPI to kill all MPI processes.
You may or may not see output from other processes, depending on
exactly when Open MPI kills them.
--------------------------------------------------------------------------
--------------------------------------------------------------------------
MPI_ABORT was invoked on rank 2 in communicator MPI_COMM_WORLD
with errorcode 1.

NOTE: invoking MPI_ABORT causes Open MPI to kill all MPI processes.
You may or may not see output from other processes, depending on
exactly when Open MPI kills them.
--------------------------------------------------------------------------
--------------------------------------------------------------------------
MPI_ABORT was invoked on rank 3 in communicator MPI_COMM_WORLD
with errorcode 1.

NOTE: invoking MPI_ABORT causes Open MPI to kill all MPI processes.
You may or may not see output from other processes, depending on
exactly when Open MPI kills them.
--------------------------------------------------------------------------
--------------------------------------------------------------------------
MPI_ABORT was invoked on rank 4 in communicator MPI_COMM_WORLD
with errorcode 1.

NOTE: invoking MPI_ABORT causes Open MPI to kill all MPI processes.
You may or may not see output from other processes, depending on
exactly when Open MPI kills them.
--------------------------------------------------------------------------
--------------------------------------------------------------------------
MPI_ABORT was invoked on rank 5 in communicator MPI_COMM_WORLD
with errorcode 1.

NOTE: invoking MPI_ABORT causes Open MPI to kill all MPI processes.
You may or may not see output from other processes, depending on
exactly when Open MPI kills them.
--------------------------------------------------------------------------
--------------------------------------------------------------------------
MPI_ABORT was invoked on rank 6 in communicator MPI_COMM_WORLD
with errorcode 1.

NOTE: invoking MPI_ABORT causes Open MPI to kill all MPI processes.
You may or may not see output from other processes, depending on
exactly when Open MPI kills them.
--------------------------------------------------------------------------
--------------------------------------------------------------------------
MPI_ABORT was invoked on rank 7 in communicator MPI_COMM_WORLD
with errorcode 1.

NOTE: invoking MPI_ABORT causes Open MPI to kill all MPI processes.
You may or may not see output from other processes, depending on
exactly when Open MPI kills them.
--------------------------------------------------------------------------
--------------------------------------------------------------------------
MPI_ABORT was invoked on rank 8 in communicator MPI_COMM_WORLD
with errorcode 1.

NOTE: invoking MPI_ABORT causes Open MPI to kill all MPI processes.
You may or may not see output from other processes, depending on
exactly when Open MPI kills them.
--------------------------------------------------------------------------
--------------------------------------------------------------------------
MPI_ABORT was invoked on rank 9 in communicator MPI_COMM_WORLD
with errorcode 1.

NOTE: invoking MPI_ABORT causes Open MPI to kill all MPI processes.
You may or may not see output from other processes, depending on
exactly when Open MPI kills them.
--------------------------------------------------------------------------
--------------------------------------------------------------------------
MPI_ABORT was invoked on rank 10 in communicator MPI_COMM_WORLD
with errorcode 1.

NOTE: invoking MPI_ABORT causes Open MPI to kill all MPI processes.
You may or may not see output from other processes, depending on
exactly when Open MPI kills them.
--------------------------------------------------------------------------
--------------------------------------------------------------------------
MPI_ABORT was invoked on rank 11 in communicator MPI_COMM_WORLD
with errorcode 1.

NOTE: invoking MPI_ABORT causes Open MPI to kill all MPI processes.
You may or may not see output from other processes, depending on
exactly when Open MPI kills them.
--------------------------------------------------------------------------
--------------------------------------------------------------------------
MPI_ABORT was invoked on rank 12 in communicator MPI_COMM_WORLD
with errorcode 1.

NOTE: invoking MPI_ABORT causes Open MPI to kill all MPI processes.
You may or may not see output from other processes, depending on
exactly when Open MPI kills them.
--------------------------------------------------------------------------
--------------------------------------------------------------------------
MPI_ABORT was invoked on rank 13 in communicator MPI_COMM_WORLD
with errorcode 1.

NOTE: invoking MPI_ABORT causes Open MPI to kill all MPI processes.
You may or may not see output from other processes, depending on
exactly when Open MPI kills them.
--------------------------------------------------------------------------
--------------------------------------------------------------------------
MPI_ABORT was invoked on rank 14 in communicator MPI_COMM_WORLD
with errorcode 1.

NOTE: invoking MPI_ABORT causes Open MPI to kill all MPI processes.
You may or may not see output from other processes, depending on
exactly when Open MPI kills them.
--------------------------------------------------------------------------
--------------------------------------------------------------------------
MPI_ABORT was invoked on rank 15 in communicator MPI_COMM_WORLD
with errorcode 1.

NOTE: invoking MPI_ABORT causes Open MPI to kill all MPI processes.
You may or may not see output from other processes, depending on
exactly when Open MPI kills them.
--------------------------------------------------------------------------
[2026-03-14T17:12:00.605] error: *** STEP 65811946.0 ON n23m0123 CANCELLED AT 2026-03-14T17:12:00 DUE to SIGNAL Killed ***
srun: Job step aborted: Waiting up to 92 seconds for job step to finish.
srun: error: n23m0123: tasks 0-15: Killed
