Using preliminary job name: circle_r300_d300_s10000_periodic_2160x1080_devel_1n_96t_1c__rank0_gather_none
Module OpenSSL/1.1 is not loaded. Purging and loading required modules.
Purging and loading required modules for SmartSim...
Loading required modules...
[INFO] Module OpenSSL/1.1 loaded.
[WARN] This node does not have a GPU installed. CUDA will not work.
[WARN] Please refer to https://help.itc.rwth-aachen.de for information on which
nodes feature GPUs. 
[INFO] Module CUDA/12.4.0 loaded.
[INFO] Module GCCcore/11.3.0 loaded.
[INFO] Module Clang/15.0.5 loaded.
[INFO] Module GCC/11.3.0 loaded.
[INFO] Module OpenMPI/4.1.4 loaded.
[INFO] Module FFTW.MPI/3.3.10 loaded.
[INFO] Module HDF5/1.12.2 loaded.
[INFO] Module PnetCDF/1.12.3 loaded.
[INFO] Module cuDNN/8.9.7.29-CUDA-12.4.0 loaded.
[INFO] Module imkl/2024.2.0 loaded.

=== Installing SmartSim for device: cpu ===
Including backend: torch
Including backend: onnxruntime
Including backend: tensorflow
SmartSim build command: smart build --device cpu
Install location: ./python/smartsim_cpu/
Base directory for SmartSim installation: /hpcwork/ro092286/smartsim/
Python virtual environment already exists at ./python/smartsim_cpu/
/hpcwork/ro092286/smartsim/install.sh:75: VIRTUAL_ENV: parameter not set
Module CUDA/12.3.0 is not loaded. Purging and loading required modules.
Purging and loading required modules for SmartSim (CUDA11 + MPI + HDF5)...
Loading required modules...
[INFO] Module OpenSSL/1.1 loaded.
[WARN] This node does not have a GPU installed. CUDA will not work.
[WARN] Please refer to https://help.itc.rwth-aachen.de for information on which
nodes feature GPUs. 
[INFO] Module CUDA/12.3.0 loaded.
[INFO] Module GCCcore/11.3.0 loaded.
[INFO] Module Clang/15.0.5 loaded.
[INFO] Module GCC/11.3.0 loaded.
[INFO] Module OpenMPI/4.1.4 loaded.
[INFO] Module FFTW.MPI/3.3.10 loaded.
[INFO] Module HDF5/1.12.2 loaded.
[INFO] Module PnetCDF/1.12.3 loaded.
[INFO] Module cuDNN/8.9.7.29-CUDA-12.3.0 loaded.
[INFO] Module imkl/2025.1.0 loaded.
OpenSSL/1.1
CUDA/12.3.0
GCCcore/11.3.0
zlib/1.2.12
binutils/2.38
numactl/2.0.14
XZ/5.2.5
libxml2/2.9.13
libpciaccess/0.16
hwloc/2.7.1
ncurses/6.3
GMP/6.2.1
Z3/4.10.2
Clang/15.0.5
GCC/11.3.0
libevent/2.1.12
UCX/1.12.1
PMIx/4.1.2
UCC/1.0.0
OpenMPI/4.1.4
FFTW/3.3.10
FFTW.MPI/3.3.10
Szip/2.1.1
HDF5/1.12.2
PnetCDF/1.12.3
cuDNN/8.9.7.29-CUDA-12.3.0
imkl/2025.1.0
Warning: /hpcwork/thes2181/mini_app is not empty.
No existing trajectory found. Starting fresh...
[2026-03-25T13:09:07.136] error: *** JOB 66200205 ON n23m0123 CANCELLED AT 2026-03-25T13:09:07 DUE to SIGNAL Terminated ***
