[INFO] Module OpenSSL/1.1 loaded.
[WARN] This node does not have a GPU installed. CUDA will not work.
[WARN] Please refer to https://help.itc.rwth-aachen.de for information on which
nodes feature GPUs. 
[INFO] Module CUDA/12.4.0 loaded.
[INFO] Module GCCcore/11.3.0 loaded.
[INFO] Module Clang/15.0.5 loaded.
[INFO] Module GCC/11.3.0 loaded.
[INFO] Module OpenMPI/4.1.4 loaded.
[INFO] Module FFTW.MPI/3.3.10 loaded.
[INFO] Module HDF5/1.12.2 loaded.
[INFO] Module PnetCDF/1.12.3 loaded.
[INFO] Module cuDNN/8.9.7.29-CUDA-12.4.0 loaded.
[INFO] Module imkl/2024.2.0 loaded.
/rwthfs/rz/cluster/hpcwork/ro092286/smartsim/python/smartsim_cuda-12/lib64/python3.9/site-packages/torch/optim/lr_scheduler.py:60: UserWarning: The verbose parameter is deprecated. Please use get_last_lr() to access the learning rate.
  warnings.warn(
/rwthfs/rz/cluster/hpcwork/ro092286/smartsim/mini_app/train_models/model_a/train.py:114: FutureWarning: You are using `torch.load` with `weights_only=False` (the current default value), which uses the default pickle module implicitly. It is possible to construct malicious pickle data which will execute arbitrary code during unpickling (See https://github.com/pytorch/pytorch/blob/main/SECURITY.md#untrusted-models for more details). In a future release, the default value for `weights_only` will be flipped to `True`. This limits the functions that could be executed during unpickling. Arbitrary objects will no longer be allowed to be loaded via this mode unless they are explicitly allowlisted by the user via `torch.serialization.add_safe_globals`. We recommend you start setting `weights_only=True` for any use case where you don't have full control of the loaded file. Please open an issue on GitHub for any issues related to this experimental feature.
  checkpoint = torch.load(checkpoint_path, map_location=device)
/rwthfs/rz/cluster/hpcwork/ro092286/smartsim/mini_app/train_models/model_a/train.py:397: TracerWarning: Converting a tensor to a Python boolean might cause the trace to be incorrect. We can't record the data flow of Python values, so this value will be treated as a constant in the future. This means that the trace might not generalize to other inputs!
  if water.shape != terrain.shape:
/rwthfs/rz/cluster/hpcwork/ro092286/smartsim/mini_app/train_models/model_a/train.py:399: TracerWarning: Converting a tensor to a Python boolean might cause the trace to be incorrect. We can't record the data flow of Python values, so this value will be treated as a constant in the future. This means that the trace might not generalize to other inputs!
  if water.shape[1] != 1:
/rwthfs/rz/cluster/hpcwork/ro092286/smartsim/mini_app/train_models/model_a/train.py:403: TracerWarning: Converting a tensor to a Python boolean might cause the trace to be incorrect. We can't record the data flow of Python values, so this value will be treated as a constant in the future. This means that the trace might not generalize to other inputs!
  if h < 3 or w < 3:
