Module OpenSSL/1.1 is not loaded. Purging and loading required modules.
Purging and loading required modules for SmartSim...
Loading required modules...
Overriding devices via argument: cpu

=== Installing SmartSim for device: cpu ===
Including backend: torch
Including backend: onnxruntime
Including backend: tensorflow
SmartSim build command: smart build --device cpu
Install location: ./python/smartsim_cpu/
Base directory for SmartSim installation: /hpcwork/ro092286/smartsim/
Python virtual environment already exists at ./python/smartsim_cpu/
Activating Python virtual environment for device: cpu
smartsim is already installed in the virtual environment.
Checking SmartSim build status...
command succeeded
SmartSim' redis is already built and available.
SmartSim' has TensorFlow support.
SmartSim is already fully built with all backends.
Installation of the smartsim 'backend' complete. This includes the SmartRedis Python client. The Fortran/C/C++ clients can be built from source as needed.

--- Installing SmartRedis C/C++ client ---
SmartRedis directory already exists. Skipping clone.
Already on the correct branch: develop
Already at the correct commit: 552d05b3a59bdd79fc119c25eb75126ebba41b14
Current directory: /hpcwork/ro092286/smartsim
Single-node CPU training detected. Disabling DDP to avoid Gloo TCP issues.
Distributed: False  world_size: 1  device: cpu
Model architecture: transformer_mlp
Train/Val split: 90.0% / 10.0%
CPU threads: 1  DataLoader workers: 4
Cache mode: window  window_steps: 50
Loading metadata …
Datasets in HDF5 file: ['drift', 'mass', 'max_water', 'min_positive_water', 'min_water', 'moved_this_step', 'runtime_seconds', 'solver_type', 'step_index', 'surface', 'terrain', 'water']
  Water shape: (10001, 1080, 2160)
  Terrain shape: (1080, 2160)
  Train steps: 9000, Val steps: 1000
Loading 50 time-steps into cache …
  → actually loading 100 unique time-steps (including t+1) …
  → loaded in 21.4s
Loading 50 time-steps into cache …
  → actually loading 96 unique time-steps (including t+1) …
  → loaded in 19.2s
Model has 186241 parameters (727.50 KB in fp32)
Parameter breakdown:
  pos_embed: 576 params (2.25 KB)
  input_proj.weight: 128 params (0.50 KB)
  input_proj.bias: 64 params (0.25 KB)
  encoder.layers.0.self_attn.in_proj_weight: 12288 params (48.00 KB)
  encoder.layers.0.self_attn.in_proj_bias: 192 params (0.75 KB)
  encoder.layers.0.self_attn.out_proj.weight: 4096 params (16.00 KB)
  encoder.layers.0.self_attn.out_proj.bias: 64 params (0.25 KB)
  encoder.layers.0.linear1.weight: 16384 params (64.00 KB)
  encoder.layers.0.linear1.bias: 256 params (1.00 KB)
  encoder.layers.0.linear2.weight: 16384 params (64.00 KB)
  encoder.layers.0.linear2.bias: 64 params (0.25 KB)
  encoder.layers.0.norm1.weight: 64 params (0.25 KB)
  encoder.layers.0.norm1.bias: 64 params (0.25 KB)
  encoder.layers.0.norm2.weight: 64 params (0.25 KB)
  encoder.layers.0.norm2.bias: 64 params (0.25 KB)
  encoder.layers.1.self_attn.in_proj_weight: 12288 params (48.00 KB)
  encoder.layers.1.self_attn.in_proj_bias: 192 params (0.75 KB)
  encoder.layers.1.self_attn.out_proj.weight: 4096 params (16.00 KB)
  encoder.layers.1.self_attn.out_proj.bias: 64 params (0.25 KB)
  encoder.layers.1.linear1.weight: 16384 params (64.00 KB)
  encoder.layers.1.linear1.bias: 256 params (1.00 KB)
  encoder.layers.1.linear2.weight: 16384 params (64.00 KB)
  encoder.layers.1.linear2.bias: 64 params (0.25 KB)
  encoder.layers.1.norm1.weight: 64 params (0.25 KB)
  encoder.layers.1.norm1.bias: 64 params (0.25 KB)
  encoder.layers.1.norm2.weight: 64 params (0.25 KB)
  encoder.layers.1.norm2.bias: 64 params (0.25 KB)
  encoder.layers.2.self_attn.in_proj_weight: 12288 params (48.00 KB)
  encoder.layers.2.self_attn.in_proj_bias: 192 params (0.75 KB)
  encoder.layers.2.self_attn.out_proj.weight: 4096 params (16.00 KB)
  encoder.layers.2.self_attn.out_proj.bias: 64 params (0.25 KB)
  encoder.layers.2.linear1.weight: 16384 params (64.00 KB)
  encoder.layers.2.linear1.bias: 256 params (1.00 KB)
  encoder.layers.2.linear2.weight: 16384 params (64.00 KB)
  encoder.layers.2.linear2.bias: 64 params (0.25 KB)
  encoder.layers.2.norm1.weight: 64 params (0.25 KB)
  encoder.layers.2.norm1.bias: 64 params (0.25 KB)
  encoder.layers.2.norm2.weight: 64 params (0.25 KB)
  encoder.layers.2.norm2.bias: 64 params (0.25 KB)
  global_mlp.0.weight: 2304 params (9.00 KB)
  global_mlp.0.bias: 128 params (0.50 KB)
  global_mlp.2.weight: 8192 params (32.00 KB)
  global_mlp.2.bias: 64 params (0.25 KB)
  head.0.weight: 16384 params (64.00 KB)
  head.0.bias: 128 params (0.50 KB)
  head.2.weight: 8192 params (32.00 KB)
  head.2.bias: 64 params (0.25 KB)
  head.4.weight: 64 params (0.25 KB)
  head.4.bias: 1 params (0.00 KB)
Resumed training from best_model_transformer_mlp.pt at epoch 6.
  Restored best val loss: 0.113342

Starting training …
  Data resolution: 1080x2160
  Train steps per epoch: 9000 (global), 9000 (per-rank)
  Val steps per epoch: 1000 (global), 1000 (per-rank)
  Samples per epoch: 116640000 (global), 116640000 (per-rank)
  Train dataset size: 116640000 samples (0 GB)
  Val dataset size: 116640000 samples (0 GB)
  Batch size: 8192, Epochs this run: 995
  Field inference export: best_model_field_jit_transformer_mlp.pt
  Window scaling: sqrt(train_steps/window_steps)=13 -> patience=65, early_stop=130
Loading 50 time-steps into cache …
  → actually loading 100 unique time-steps (including t+1) …
  → loaded in 20.0s
Loading 50 time-steps into cache …
  → actually loading 98 unique time-steps (including t+1) …
  → loaded in 20.3s
  [Train] Epoch 6/1000 | Batch 1423/14239 | Samples: 11657216 | Loss: 0.269874 | Rate: 4076 samples/s
  [Train] Epoch 6/1000 | Batch 2846/14239 | Samples: 23314432 | Loss: 0.271186 | Rate: 4066 samples/s
  [Train] Epoch 6/1000 | Batch 4269/14239 | Samples: 34971648 | Loss: 0.256833 | Rate: 4117 samples/s
  [Train] Epoch 6/1000 | Batch 5692/14239 | Samples: 46628864 | Loss: 0.345103 | Rate: 4176 samples/s
  [Train] Epoch 6/1000 | Batch 7115/14239 | Samples: 58286080 | Loss: 0.297660 | Rate: 4213 samples/s
