[INFO] Module OpenSSL/1.1 loaded.
[WARN] This node does not have a GPU installed. CUDA will not work.
[WARN] Please refer to https://help.itc.rwth-aachen.de for information on which
nodes feature GPUs. 
[INFO] Module CUDA/12.4.0 loaded.
[INFO] Module GCCcore/11.3.0 loaded.
[INFO] Module Clang/15.0.5 loaded.
[INFO] Module GCC/11.3.0 loaded.
[INFO] Module OpenMPI/4.1.4 loaded.
[INFO] Module FFTW.MPI/3.3.10 loaded.
[INFO] Module HDF5/1.12.2 loaded.
[INFO] Module PnetCDF/1.12.3 loaded.
[INFO] Module cuDNN/8.9.7.29-CUDA-12.4.0 loaded.
[INFO] Module imkl/2024.2.0 loaded.
[n23m0016.hpc.itc.rwth-aachen.de:161602] mca_base_component_repository_open: unable to open mca_pmix_s1: libpmi.so.0: cannot open shared object file: No such file or directory (ignored)
[n23m0016.hpc.itc.rwth-aachen.de:161601] mca_base_component_repository_open: unable to open mca_pmix_s1: libpmi.so.0: cannot open shared object file: No such file or directory (ignored)
[n23m0016.hpc.itc.rwth-aachen.de:161603] mca_base_component_repository_open: unable to open mca_pmix_s1: libpmi.so.0: cannot open shared object file: No such file or directory (ignored)
[n23m0016.hpc.itc.rwth-aachen.de:161608] mca_base_component_repository_open: unable to open mca_pmix_s1: libpmi.so.0: cannot open shared object file: No such file or directory (ignored)
[n23m0016.hpc.itc.rwth-aachen.de:161609] mca_base_component_repository_open: unable to open mca_pmix_s1: libpmi.so.0: cannot open shared object file: No such file or directory (ignored)
[n23m0016.hpc.itc.rwth-aachen.de:161599] mca_base_component_repository_open: unable to open mca_pmix_s1: libpmi.so.0: cannot open shared object file: No such file or directory (ignored)
[n23m0016.hpc.itc.rwth-aachen.de:161600] mca_base_component_repository_open: unable to open mca_pmix_s1: libpmi.so.0: cannot open shared object file: No such file or directory (ignored)
[n23m0016.hpc.itc.rwth-aachen.de:161604] mca_base_component_repository_open: unable to open mca_pmix_s1: libpmi.so.0: cannot open shared object file: No such file or directory (ignored)
[n23m0016.hpc.itc.rwth-aachen.de:161605] mca_base_component_repository_open: unable to open mca_pmix_s1: libpmi.so.0: cannot open shared object file: No such file or directory (ignored)
[n23m0016.hpc.itc.rwth-aachen.de:161606] mca_base_component_repository_open: unable to open mca_pmix_s1: libpmi.so.0: cannot open shared object file: No such file or directory (ignored)
[n23m0016.hpc.itc.rwth-aachen.de:161607] mca_base_component_repository_open: unable to open mca_pmix_s1: libpmi.so.0: cannot open shared object file: No such file or directory (ignored)
[n23m0016.hpc.itc.rwth-aachen.de:161610] mca_base_component_repository_open: unable to open mca_pmix_s1: libpmi.so.0: cannot open shared object file: No such file or directory (ignored)
[n23m0016.hpc.itc.rwth-aachen.de:161599] mca_base_component_repository_open: unable to open mca_pmix_s2: libpmi2.so.0: cannot open shared object file: No such file or directory (ignored)
[n23m0016.hpc.itc.rwth-aachen.de:161600] mca_base_component_repository_open: unable to open mca_pmix_s2: libpmi2.so.0: cannot open shared object file: No such file or directory (ignored)
[n23m0016.hpc.itc.rwth-aachen.de:161602] mca_base_component_repository_open: unable to open mca_pmix_s2: libpmi2.so.0: cannot open shared object file: No such file or directory (ignored)
[n23m0016.hpc.itc.rwth-aachen.de:161604] mca_base_component_repository_open: unable to open mca_pmix_s2: libpmi2.so.0: cannot open shared object file: No such file or directory (ignored)
[n23m0016.hpc.itc.rwth-aachen.de:161610] mca_base_component_repository_open: unable to open mca_pmix_s2: libpmi2.so.0: cannot open shared object file: No such file or directory (ignored)
[n23m0016.hpc.itc.rwth-aachen.de:161601] mca_base_component_repository_open: unable to open mca_pmix_s2: libpmi2.so.0: cannot open shared object file: No such file or directory (ignored)
[n23m0016.hpc.itc.rwth-aachen.de:161603] mca_base_component_repository_open: unable to open mca_pmix_s2: libpmi2.so.0: cannot open shared object file: No such file or directory (ignored)
[n23m0016.hpc.itc.rwth-aachen.de:161605] mca_base_component_repository_open: unable to open mca_pmix_s2: libpmi2.so.0: cannot open shared object file: No such file or directory (ignored)
[n23m0016.hpc.itc.rwth-aachen.de:161607] mca_base_component_repository_open: unable to open mca_pmix_s2: libpmi2.so.0: cannot open shared object file: No such file or directory (ignored)
[n23m0016.hpc.itc.rwth-aachen.de:161608] mca_base_component_repository_open: unable to open mca_pmix_s2: libpmi2.so.0: cannot open shared object file: No such file or directory (ignored)
[n23m0016.hpc.itc.rwth-aachen.de:161609] mca_base_component_repository_open: unable to open mca_pmix_s2: libpmi2.so.0: cannot open shared object file: No such file or directory (ignored)
[n23m0016.hpc.itc.rwth-aachen.de:161606] mca_base_component_repository_open: unable to open mca_pmix_s2: libpmi2.so.0: cannot open shared object file: No such file or directory (ignored)
